# JRE version: OpenJDK Runtime Environment Temurin-21.0.10+7 (21.0.10+7) (build 21.0.10+7-LTS)
# Java VM: OpenJDK 64-Bit Server VM Temurin-21.0.10+7 (21.0.10+7-LTS, mixed mode, sharing, tiered, compressed oops, compressed class ptrs, parallel gc, windows-amd64)
GC Precious Log:
 CardTable entry size: 512
 CPUs: 8 total, 8 available
 Memory: 7831M
 Large Page Support: Disabled
 NUMA Support: Disabled
 Compressed Oops: Enabled (32-bit)
 Alignments: Space 512K, Generation 512K, Heap 2M
 Heap Min Capacity: 100M
 Heap Initial Capacity: 100M
 Heap Max Capacity: 2G
 Pre-touch: Disabled
 Parallel Workers: 8
Heap:
 PSYoungGen      total 20480K, used 7849K [0x00000000d5580000, 0x00000000d6b00000, 0x0000000100000000)
  eden space 19968K, 38% used [0x00000000d5580000,0x00000000d5cfa568,0x00000000d6900000)
  from space 512K, 37% used [0x00000000d6a80000,0x00000000d6ab0000,0x00000000d6b00000)
  to   space 512K, 0% used [0x00000000d6a00000,0x00000000d6a00000,0x00000000d6a80000)
 ParOldGen       total 68608K, used 43656K [0x0000000080000000, 0x0000000084300000, 0x00000000d5580000)
  object space 68608K, 63% used [0x0000000080000000,0x0000000082aa2260,0x0000000084300000)
 Metaspace       used 69389K, committed 70848K, reserved 1114112K
  class space    used 8709K, committed 9344K, reserved 1048576K
GC Heap History (20 events):
Event: 32.212 GC heap before
{Heap before GC invocations=44 (full 3):
 PSYoungGen      total 20992K, used 20979K [0x00000000d5580000, 0x00000000d6c00000, 0x0000000100000000)
  eden space 19968K, 100% used [0x00000000d5580000,0x00000000d6900000,0x00000000d6900000)
  from space 1024K, 98% used [0x00000000d6b00000,0x00000000d6bfcd90,0x00000000d6c00000)
  to   space 1536K, 0% used [0x00000000d6900000,0x00000000d6900000,0x00000000d6a80000)
 ParOldGen       total 68608K, used 41578K [0x0000000080000000, 0x0000000084300000, 0x00000000d5580000)
  object space 68608K, 60% used [0x0000000080000000,0x000000008289ab98,0x0000000084300000)
 Metaspace       used 65394K, committed 66688K, reserved 1114112K
  class space    used 8196K, committed 8768K, reserved 1048576K
}
Event: 32.213 GC heap after
{Heap after GC invocations=44 (full 3):
 PSYoungGen      total 21504K, used 1097K [0x00000000d5580000, 0x00000000d6c00000, 0x0000000100000000)
  eden space 19968K, 0% used [0x00000000d5580000,0x00000000d5580000,0x00000000d6900000)
  from space 1536K, 71% used [0x00000000d6900000,0x00000000d6a125c8,0x00000000d6a80000)
  to   space 1536K, 0% used [0x00000000d6a80000,0x00000000d6a80000,0x00000000d6c00000)
 ParOldGen       total 68608K, used 41610K [0x0000000080000000, 0x0000000084300000, 0x00000000d5580000)
  object space 68608K, 60% used [0x0000000080000000,0x00000000828a2b98,0x0000000084300000)
 Metaspace       used 65394K, committed 66688K, reserved 1114112K
  class space    used 8196K, committed 8768K, reserved 1048576K
}
Event: 32.463 GC heap before
{Heap before GC invocations=45 (full 3):
 PSYoungGen      total 21504K, used 21065K [0x00000000d5580000, 0x00000000d6c00000, 0x0000000100000000)
  eden space 19968K, 100% used [0x00000000d5580000,0x00000000d6900000,0x00000000d6900000)
  from space 1536K, 71% used [0x00000000d6900000,0x00000000d6a125c8,0x00000000d6a80000)
  to   space 1536K, 0% used [0x00000000d6a80000,0x00000000d6a80000,0x00000000d6c00000)
 ParOldGen       total 68608K, used 41610K [0x0000000080000000, 0x0000000084300000, 0x00000000d5580000)
  object space 68608K, 60% used [0x0000000080000000,0x00000000828a2b98,0x0000000084300000)
 Metaspace       used 66155K, committed 67520K, reserved 1114112K
  class space    used 8318K, committed 8960K, reserved 1048576K
}
Event: 32.465 GC heap after
{Heap after GC invocations=45 (full 3):
 PSYoungGen      total 20480K, used 384K [0x00000000d5580000, 0x00000000d6b00000, 0x0000000100000000)
  eden space 19968K, 0% used [0x00000000d5580000,0x00000000d5580000,0x00000000d6900000)
  from space 512K, 75% used [0x00000000d6a80000,0x00000000d6ae0000,0x00000000d6b00000)
  to   space 1024K, 0% used [0x00000000d6900000,0x00000000d6900000,0x00000000d6a00000)
 ParOldGen       total 68608K, used 41626K [0x0000000080000000, 0x0000000084300000, 0x00000000d5580000)
  object space 68608K, 60% used [0x0000000080000000,0x00000000828a6b98,0x0000000084300000)
 Metaspace       used 66155K, committed 67520K, reserved 1114112K
  class space    used 8318K, committed 8960K, reserved 1048576K
}
Event: 46.549 GC heap before
{Heap before GC invocations=46 (full 3):
 PSYoungGen      total 20480K, used 20352K [0x00000000d5580000, 0x00000000d6b00000, 0x0000000100000000)
  eden space 19968K, 100% used [0x00000000d5580000,0x00000000d6900000,0x00000000d6900000)
  from space 512K, 75% used [0x00000000d6a80000,0x00000000d6ae0000,0x00000000d6b00000)
  to   space 1024K, 0% used [0x00000000d6900000,0x00000000d6900000,0x00000000d6a00000)
 ParOldGen       total 68608K, used 41626K [0x0000000080000000, 0x0000000084300000, 0x00000000d5580000)
  object space 68608K, 60% used [0x0000000080000000,0x00000000828a6b98,0x0000000084300000)
 Metaspace       used 67144K, committed 68480K, reserved 1114112K
  class space    used 8420K, committed 9024K, reserved 1048576K
}
Event: 46.550 GC heap after
{Heap after GC invocations=46 (full 3):
 PSYoungGen      total 20992K, used 416K [0x00000000d5580000, 0x00000000d6b00000, 0x0000000100000000)
  eden space 19968K, 0% used [0x00000000d5580000,0x00000000d5580000,0x00000000d6900000)
  from space 1024K, 40% used [0x00000000d6900000,0x00000000d6968010,0x00000000d6a00000)
  to   space 512K, 0% used [0x00000000d6a80000,0x00000000d6a80000,0x00000000d6b00000)
 ParOldGen       total 68608K, used 41818K [0x0000000080000000, 0x0000000084300000, 0x00000000d5580000)
  object space 68608K, 60% used [0x0000000080000000,0x00000000828d6b98,0x0000000084300000)
 Metaspace       used 67144K, committed 68480K, reserved 1114112K
  class space    used 8420K, committed 9024K, reserved 1048576K
}
Event: 49.965 GC heap before
{Heap before GC invocations=47 (full 3):
 PSYoungGen      total 20992K, used 20384K [0x00000000d5580000, 0x00000000d6b00000, 0x0000000100000000)
  eden space 19968K, 100% used [0x00000000d5580000,0x00000000d6900000,0x00000000d6900000)
  from space 1024K, 40% used [0x00000000d6900000,0x00000000d6968010,0x00000000d6a00000)
  to   space 512K, 0% used [0x00000000d6a80000,0x00000000d6a80000,0x00000000d6b00000)
 ParOldGen       total 68608K, used 41818K [0x0000000080000000, 0x0000000084300000, 0x00000000d5580000)
  object space 68608K, 60% used [0x0000000080000000,0x00000000828d6b98,0x0000000084300000)
 Metaspace       used 67157K, committed 68480K, reserved 1114112K
  class space    used 8420K, committed 9024K, reserved 1048576K
}
Event: 49.966 GC heap after
{Heap after GC invocations=47 (full 3):
 PSYoungGen      total 20480K, used 160K [0x00000000d5580000, 0x00000000d6b00000, 0x0000000100000000)
  eden space 19968K, 0% used [0x00000000d5580000,0x00000000d5580000,0x00000000d6900000)
  from space 512K, 31% used [0x00000000d6a80000,0x00000000d6aa8000,0x00000000d6b00000)
  to   space 512K, 0% used [0x00000000d6a00000,0x00000000d6a00000,0x00000000d6a80000)
 ParOldGen       total 68608K, used 42130K [0x0000000080000000, 0x0000000084300000, 0x00000000d5580000)
  object space 68608K, 61% used [0x0000000080000000,0x0000000082924be8,0x0000000084300000)
 Metaspace       used 67157K, committed 68480K, reserved 1114112K
  class space    used 8420K, committed 9024K, reserved 1048576K
}
Event: 50.984 GC heap before
{Heap before GC invocations=48 (full 3):
 PSYoungGen      total 20480K, used 20128K [0x00000000d5580000, 0x00000000d6b00000, 0x0000000100000000)
  eden space 19968K, 100% used [0x00000000d5580000,0x00000000d6900000,0x00000000d6900000)
  from space 512K, 31% used [0x00000000d6a80000,0x00000000d6aa8000,0x00000000d6b00000)
  to   space 512K, 0% used [0x00000000d6a00000,0x00000000d6a00000,0x00000000d6a80000)
 ParOldGen       total 68608K, used 42130K [0x0000000080000000, 0x0000000084300000, 0x00000000d5580000)
  object space 68608K, 61% used [0x0000000080000000,0x0000000082924be8,0x0000000084300000)
 Metaspace       used 67596K, committed 68992K, reserved 1114112K
  class space    used 8491K, committed 9152K, reserved 1048576K
}
Event: 50.985 GC heap after
{Heap after GC invocations=48 (full 3):
 PSYoungGen      total 20480K, used 511K [0x00000000d5580000, 0x00000000d6b00000, 0x0000000100000000)
  eden space 19968K, 0% used [0x00000000d5580000,0x00000000d5580000,0x00000000d6900000)
  from space 512K, 99% used [0x00000000d6a00000,0x00000000d6a7fec8,0x00000000d6a80000)
  to   space 512K, 0% used [0x00000000d6a80000,0x00000000d6a80000,0x00000000d6b00000)
 ParOldGen       total 68608K, used 42250K [0x0000000080000000, 0x0000000084300000, 0x00000000d5580000)
  object space 68608K, 61% used [0x0000000080000000,0x0000000082942be8,0x0000000084300000)
 Metaspace       used 67596K, committed 68992K, reserved 1114112K
  class space    used 8491K, committed 9152K, reserved 1048576K
}
Event: 51.464 GC heap before
{Heap before GC invocations=49 (full 3):
 PSYoungGen      total 20480K, used 20479K [0x00000000d5580000, 0x00000000d6b00000, 0x0000000100000000)
  eden space 19968K, 100% used [0x00000000d5580000,0x00000000d6900000,0x00000000d6900000)
  from space 512K, 99% used [0x00000000d6a00000,0x00000000d6a7fec8,0x00000000d6a80000)
  to   space 512K, 0% used [0x00000000d6a80000,0x00000000d6a80000,0x00000000d6b00000)
 ParOldGen       total 68608K, used 42250K [0x0000000080000000, 0x0000000084300000, 0x00000000d5580000)
  object space 68608K, 61% used [0x0000000080000000,0x0000000082942be8,0x0000000084300000)
 Metaspace       used 67596K, committed 68992K, reserved 1114112K
  class space    used 8491K, committed 9152K, reserved 1048576K
}
Event: 51.467 GC heap after
{Heap after GC invocations=49 (full 3):
 PSYoungGen      total 20480K, used 192K [0x00000000d5580000, 0x00000000d6b00000, 0x0000000100000000)
  eden space 19968K, 0% used [0x00000000d5580000,0x00000000d5580000,0x00000000d6900000)
  from space 512K, 37% used [0x00000000d6a80000,0x00000000d6ab0000,0x00000000d6b00000)
  to   space 512K, 0% used [0x00000000d6a00000,0x00000000d6a00000,0x00000000d6a80000)
 ParOldGen       total 68608K, used 42754K [0x0000000080000000, 0x0000000084300000, 0x00000000d5580000)
  object space 68608K, 62% used [0x0000000080000000,0x00000000829c0af0,0x0000000084300000)
 Metaspace       used 67596K, committed 68992K, reserved 1114112K
  class space    used 8491K, committed 9152K, reserved 1048576K
}
Event: 65.376 GC heap before
{Heap before GC invocations=50 (full 3):
 PSYoungGen      total 20480K, used 20160K [0x00000000d5580000, 0x00000000d6b00000, 0x0000000100000000)
  eden space 19968K, 100% used [0x00000000d5580000,0x00000000d6900000,0x00000000d6900000)
  from space 512K, 37% used [0x00000000d6a80000,0x00000000d6ab0000,0x00000000d6b00000)
  to   space 512K, 0% used [0x00000000d6a00000,0x00000000d6a00000,0x00000000d6a80000)
 ParOldGen       total 68608K, used 42754K [0x0000000080000000, 0x0000000084300000, 0x00000000d5580000)
  object space 68608K, 62% used [0x0000000080000000,0x00000000829c0af0,0x0000000084300000)
 Metaspace       used 67742K, committed 69120K, reserved 1114112K
  class space    used 8514K, committed 9152K, reserved 1048576K
}
Event: 65.377 GC heap after
{Heap after GC invocations=50 (full 3):
 PSYoungGen      total 20480K, used 512K [0x00000000d5580000, 0x00000000d6b00000, 0x0000000100000000)
  eden space 19968K, 0% used [0x00000000d5580000,0x00000000d5580000,0x00000000d6900000)
  from space 512K, 100% used [0x00000000d6a00000,0x00000000d6a80000,0x00000000d6a80000)
  to   space 512K, 0% used [0x00000000d6a80000,0x00000000d6a80000,0x00000000d6b00000)
 ParOldGen       total 68608K, used 42850K [0x0000000080000000, 0x0000000084300000, 0x00000000d5580000)
  object space 68608K, 62% used [0x0000000080000000,0x00000000829d8b20,0x0000000084300000)
 Metaspace       used 67742K, committed 69120K, reserved 1114112K
  class space    used 8514K, committed 9152K, reserved 1048576K
}
Event: 65.723 GC heap before
{Heap before GC invocations=51 (full 3):
 PSYoungGen      total 20480K, used 20480K [0x00000000d5580000, 0x00000000d6b00000, 0x0000000100000000)
  eden space 19968K, 100% used [0x00000000d5580000,0x00000000d6900000,0x00000000d6900000)
  from space 512K, 100% used [0x00000000d6a00000,0x00000000d6a80000,0x00000000d6a80000)
  to   space 512K, 0% used [0x00000000d6a80000,0x00000000d6a80000,0x00000000d6b00000)
 ParOldGen       total 68608K, used 42850K [0x0000000080000000, 0x0000000084300000, 0x00000000d5580000)
  object space 68608K, 62% used [0x0000000080000000,0x00000000829d8b20,0x0000000084300000)
 Metaspace       used 68970K, committed 70464K, reserved 1114112K
  class space    used 8662K, committed 9344K, reserved 1048576K
}
Event: 65.724 GC heap after
{Heap after GC invocations=51 (full 3):
 PSYoungGen      total 20480K, used 504K [0x00000000d5580000, 0x00000000d6b00000, 0x0000000100000000)
  eden space 19968K, 0% used [0x00000000d5580000,0x00000000d5580000,0x00000000d6900000)
  from space 512K, 98% used [0x00000000d6a80000,0x00000000d6afe1a8,0x00000000d6b00000)
  to   space 1024K, 0% used [0x00000000d6900000,0x00000000d6900000,0x00000000d6a00000)
 ParOldGen       total 68608K, used 43042K [0x0000000080000000, 0x0000000084300000, 0x00000000d5580000)
  object space 68608K, 62% used [0x0000000080000000,0x0000000082a08b20,0x0000000084300000)
 Metaspace       used 68970K, committed 70464K, reserved 1114112K
  class space    used 8662K, committed 9344K, reserved 1048576K
}
Event: 74.120 GC heap before
{Heap before GC invocations=52 (full 3):
 PSYoungGen      total 20480K, used 20471K [0x00000000d5580000, 0x00000000d6b00000, 0x0000000100000000)
  eden space 19968K, 99% used [0x00000000d5580000,0x00000000d68ffc20,0x00000000d6900000)
  from space 512K, 98% used [0x00000000d6a80000,0x00000000d6afe1a8,0x00000000d6b00000)
  to   space 1024K, 0% used [0x00000000d6900000,0x00000000d6900000,0x00000000d6a00000)
 ParOldGen       total 68608K, used 43042K [0x0000000080000000, 0x0000000084300000, 0x00000000d5580000)
  object space 68608K, 62% used [0x0000000080000000,0x0000000082a08b20,0x0000000084300000)
 Metaspace       used 69021K, committed 70528K, reserved 1114112K
  class space    used 8663K, committed 9344K, reserved 1048576K
}
Event: 74.122 GC heap after
{Heap after GC invocations=52 (full 3):
 PSYoungGen      total 20992K, used 192K [0x00000000d5580000, 0x00000000d6b00000, 0x0000000100000000)
  eden space 19968K, 0% used [0x00000000d5580000,0x00000000d5580000,0x00000000d6900000)
  from space 1024K, 18% used [0x00000000d6900000,0x00000000d6930000,0x00000000d6a00000)
  to   space 512K, 0% used [0x00000000d6a80000,0x00000000d6a80000,0x00000000d6b00000)
 ParOldGen       total 68608K, used 43532K [0x0000000080000000, 0x0000000084300000, 0x00000000d5580000)
  object space 68608K, 63% used [0x0000000080000000,0x0000000082a83230,0x0000000084300000)
 Metaspace       used 69021K, committed 70528K, reserved 1114112K
  class space    used 8663K, committed 9344K, reserved 1048576K
}
Event: 75.241 GC heap before
{Heap before GC invocations=53 (full 3):
 PSYoungGen      total 20992K, used 20160K [0x00000000d5580000, 0x00000000d6b00000, 0x0000000100000000)
  eden space 19968K, 100% used [0x00000000d5580000,0x00000000d6900000,0x00000000d6900000)
  from space 1024K, 18% used [0x00000000d6900000,0x00000000d6930000,0x00000000d6a00000)
  to   space 512K, 0% used [0x00000000d6a80000,0x00000000d6a80000,0x00000000d6b00000)
 ParOldGen       total 68608K, used 43532K [0x0000000080000000, 0x0000000084300000, 0x00000000d5580000)
  object space 68608K, 63% used [0x0000000080000000,0x0000000082a83230,0x0000000084300000)
 Metaspace       used 69022K, committed 70528K, reserved 1114112K
  class space    used 8663K, committed 9344K, reserved 1048576K
}
Event: 75.241 GC heap after
{Heap after GC invocations=53 (full 3):
 PSYoungGen      total 20480K, used 192K [0x00000000d5580000, 0x00000000d6b00000, 0x0000000100000000)
  eden space 19968K, 0% used [0x00000000d5580000,0x00000000d5580000,0x00000000d6900000)
  from space 512K, 37% used [0x00000000d6a80000,0x00000000d6ab0000,0x00000000d6b00000)
  to   space 512K, 0% used [0x00000000d6a00000,0x00000000d6a00000,0x00000000d6a80000)
 ParOldGen       total 68608K, used 43656K [0x0000000080000000, 0x0000000084300000, 0x00000000d5580000)
  object space 68608K, 63% used [0x0000000080000000,0x0000000082aa2260,0x0000000084300000)
 Metaspace       used 69022K, committed 70528K, reserved 1114112K
  class space    used 8663K, committed 9344K, reserved 1048576K
}

